[2022-02-14 10:12:57,866] {taskinstance.py:1032} INFO - Dependencies all met for <TaskInstance: credit_card_dag.etl scheduled__2022-02-13T00:00:00+00:00 [queued]>
[2022-02-14 10:12:57,875] {taskinstance.py:1032} INFO - Dependencies all met for <TaskInstance: credit_card_dag.etl scheduled__2022-02-13T00:00:00+00:00 [queued]>
[2022-02-14 10:12:57,875] {taskinstance.py:1238} INFO - 
--------------------------------------------------------------------------------
[2022-02-14 10:12:57,876] {taskinstance.py:1239} INFO - Starting attempt 1 of 1
[2022-02-14 10:12:57,876] {taskinstance.py:1240} INFO - 
--------------------------------------------------------------------------------
[2022-02-14 10:12:57,897] {taskinstance.py:1259} INFO - Executing <Task(PythonOperator): etl> on 2022-02-13 00:00:00+00:00
[2022-02-14 10:12:57,902] {standard_task_runner.py:52} INFO - Started process 6314 to run task
[2022-02-14 10:12:57,905] {standard_task_runner.py:76} INFO - Running: ['airflow', 'tasks', 'run', 'credit_card_dag', 'etl', 'scheduled__2022-02-13T00:00:00+00:00', '--job-id', '13', '--raw', '--subdir', 'DAGS_FOLDER/pipeline.py', '--cfg-path', '/tmp/tmpqye_nx1s', '--error-file', '/tmp/tmpnd2szmdd']
[2022-02-14 10:12:57,906] {standard_task_runner.py:77} INFO - Job 13: Subtask etl
[2022-02-14 10:12:57,954] {logging_mixin.py:109} INFO - Running <TaskInstance: credit_card_dag.etl scheduled__2022-02-13T00:00:00+00:00 [running]> on host LAPTOP-GCF7F7F0.localdomain
[2022-02-14 10:12:58,015] {taskinstance.py:1424} INFO - Exporting the following env vars:
AIRFLOW_CTX_DAG_OWNER=airflow
AIRFLOW_CTX_DAG_ID=credit_card_dag
AIRFLOW_CTX_TASK_ID=etl
AIRFLOW_CTX_EXECUTION_DATE=2022-02-13T00:00:00+00:00
AIRFLOW_CTX_DAG_RUN_ID=scheduled__2022-02-13T00:00:00+00:00
[2022-02-14 10:12:58,017] {taskinstance.py:1700} ERROR - Task failed with exception
Traceback (most recent call last):
  File "/home/astrid/challenge-env/lib/python3.8/site-packages/airflow/models/taskinstance.py", line 1329, in _run_raw_task
    self._execute_task_with_callbacks(context)
  File "/home/astrid/challenge-env/lib/python3.8/site-packages/airflow/models/taskinstance.py", line 1455, in _execute_task_with_callbacks
    result = self._execute_task(context, self.task)
  File "/home/astrid/challenge-env/lib/python3.8/site-packages/airflow/models/taskinstance.py", line 1511, in _execute_task
    result = execute_callable(context=context)
  File "/home/astrid/challenge-env/lib/python3.8/site-packages/airflow/operators/python.py", line 174, in execute
    return_value = self.execute_callable()
  File "/home/astrid/challenge-env/lib/python3.8/site-packages/airflow/operators/python.py", line 185, in execute_callable
    return self.python_callable(*self.op_args, **self.op_kwargs)
  File "/home/astrid/airflow/dags/pipeline.py", line 13, in extract_validate_load
    df = pd.read_excel("app_data.xlsx")
  File "/home/astrid/challenge-env/lib/python3.8/site-packages/pandas/util/_decorators.py", line 311, in wrapper
    return func(*args, **kwargs)
  File "/home/astrid/challenge-env/lib/python3.8/site-packages/pandas/io/excel/_base.py", line 457, in read_excel
    io = ExcelFile(io, storage_options=storage_options, engine=engine)
  File "/home/astrid/challenge-env/lib/python3.8/site-packages/pandas/io/excel/_base.py", line 1376, in __init__
    ext = inspect_excel_format(
  File "/home/astrid/challenge-env/lib/python3.8/site-packages/pandas/io/excel/_base.py", line 1250, in inspect_excel_format
    with get_handle(
  File "/home/astrid/challenge-env/lib/python3.8/site-packages/pandas/io/common.py", line 798, in get_handle
    handle = open(handle, ioargs.mode)
FileNotFoundError: [Errno 2] No such file or directory: 'app_data.xlsx'
[2022-02-14 10:12:58,028] {taskinstance.py:1267} INFO - Marking task as FAILED. dag_id=credit_card_dag, task_id=etl, execution_date=20220213T000000, start_date=20220214T161257, end_date=20220214T161258
[2022-02-14 10:12:58,047] {standard_task_runner.py:89} ERROR - Failed to execute job 13 for task etl
Traceback (most recent call last):
  File "/home/astrid/challenge-env/lib/python3.8/site-packages/airflow/task/task_runner/standard_task_runner.py", line 85, in _start_by_fork
    args.func(args, dag=self.dag)
  File "/home/astrid/challenge-env/lib/python3.8/site-packages/airflow/cli/cli_parser.py", line 48, in command
    return func(*args, **kwargs)
  File "/home/astrid/challenge-env/lib/python3.8/site-packages/airflow/utils/cli.py", line 92, in wrapper
    return f(*args, **kwargs)
  File "/home/astrid/challenge-env/lib/python3.8/site-packages/airflow/cli/commands/task_command.py", line 298, in task_run
    _run_task_by_selected_method(args, dag, ti)
  File "/home/astrid/challenge-env/lib/python3.8/site-packages/airflow/cli/commands/task_command.py", line 107, in _run_task_by_selected_method
    _run_raw_task(args, ti)
  File "/home/astrid/challenge-env/lib/python3.8/site-packages/airflow/cli/commands/task_command.py", line 180, in _run_raw_task
    ti._run_raw_task(
  File "/home/astrid/challenge-env/lib/python3.8/site-packages/airflow/utils/session.py", line 70, in wrapper
    return func(*args, session=session, **kwargs)
  File "/home/astrid/challenge-env/lib/python3.8/site-packages/airflow/models/taskinstance.py", line 1329, in _run_raw_task
    self._execute_task_with_callbacks(context)
  File "/home/astrid/challenge-env/lib/python3.8/site-packages/airflow/models/taskinstance.py", line 1455, in _execute_task_with_callbacks
    result = self._execute_task(context, self.task)
  File "/home/astrid/challenge-env/lib/python3.8/site-packages/airflow/models/taskinstance.py", line 1511, in _execute_task
    result = execute_callable(context=context)
  File "/home/astrid/challenge-env/lib/python3.8/site-packages/airflow/operators/python.py", line 174, in execute
    return_value = self.execute_callable()
  File "/home/astrid/challenge-env/lib/python3.8/site-packages/airflow/operators/python.py", line 185, in execute_callable
    return self.python_callable(*self.op_args, **self.op_kwargs)
  File "/home/astrid/airflow/dags/pipeline.py", line 13, in extract_validate_load
    df = pd.read_excel("app_data.xlsx")
  File "/home/astrid/challenge-env/lib/python3.8/site-packages/pandas/util/_decorators.py", line 311, in wrapper
    return func(*args, **kwargs)
  File "/home/astrid/challenge-env/lib/python3.8/site-packages/pandas/io/excel/_base.py", line 457, in read_excel
    io = ExcelFile(io, storage_options=storage_options, engine=engine)
  File "/home/astrid/challenge-env/lib/python3.8/site-packages/pandas/io/excel/_base.py", line 1376, in __init__
    ext = inspect_excel_format(
  File "/home/astrid/challenge-env/lib/python3.8/site-packages/pandas/io/excel/_base.py", line 1250, in inspect_excel_format
    with get_handle(
  File "/home/astrid/challenge-env/lib/python3.8/site-packages/pandas/io/common.py", line 798, in get_handle
    handle = open(handle, ioargs.mode)
FileNotFoundError: [Errno 2] No such file or directory: 'app_data.xlsx'
[2022-02-14 10:12:58,079] {local_task_job.py:154} INFO - Task exited with return code 1
[2022-02-14 10:12:58,095] {local_task_job.py:264} INFO - 0 downstream tasks scheduled from follow-on schedule check
